0 info it worked if it ends with ok
1 verbose cli [ 'node', '/usr/local/bin/npm', 'install' ]
2 info using npm@1.1.32
3 info using node@v0.8.0
4 verbose config file /Users/javier/.npmrc
5 verbose config file /usr/local/etc/npmrc
6 verbose config file /usr/local/lib/node_modules/npm/npmrc
7 verbose read json /Users/javier/Sites/notesFromNature/package.json
8 verbose readDependencies using package.json deps
9 verbose install where, deps [ '/Users/javier/Sites/notesFromNature',
9 verbose install   [ 'serveup',
9 verbose install     'hem',
9 verbose install     'es5-shimify',
9 verbose install     'json2ify',
9 verbose install     'jqueryify',
9 verbose install     'underscore',
9 verbose install     'nib',
9 verbose install     'zooniverse',
9 verbose install     'spine' ] ]
10 verbose from cache /Users/javier/Sites/notesFromNature/package.json
11 info preinstall app@0.0.1
12 verbose read json /Users/javier/Sites/notesFromNature/node_modules/es5-shimify/package.json
13 verbose read json /Users/javier/Sites/notesFromNature/node_modules/jqueryify/package.json
14 verbose read json /Users/javier/Sites/notesFromNature/node_modules/json2ify/package.json
15 verbose read json /Users/javier/Sites/notesFromNature/node_modules/nib/package.json
16 verbose read json /Users/javier/Sites/notesFromNature/node_modules/optimist/package.json
17 verbose read json /Users/javier/Sites/notesFromNature/node_modules/serveup/package.json
18 verbose read json /Users/javier/Sites/notesFromNature/node_modules/spine/package.json
19 verbose read json /Users/javier/Sites/notesFromNature/node_modules/underscore/package.json
20 verbose read json /Users/javier/Sites/notesFromNature/node_modules/Zooniverse/package.json
21 verbose from cache /Users/javier/Sites/notesFromNature/package.json
22 verbose readDependencies using package.json deps
23 verbose from cache /Users/javier/Sites/notesFromNature/node_modules/es5-shimify/package.json
24 verbose from cache /Users/javier/Sites/notesFromNature/node_modules/jqueryify/package.json
25 verbose from cache /Users/javier/Sites/notesFromNature/node_modules/json2ify/package.json
26 verbose from cache /Users/javier/Sites/notesFromNature/node_modules/nib/package.json
27 verbose from cache /Users/javier/Sites/notesFromNature/node_modules/optimist/package.json
28 verbose read json /Users/javier/Sites/notesFromNature/node_modules/serveup/package.json
29 verbose from cache /Users/javier/Sites/notesFromNature/node_modules/spine/package.json
30 verbose from cache /Users/javier/Sites/notesFromNature/node_modules/underscore/package.json
31 verbose from cache /Users/javier/Sites/notesFromNature/node_modules/Zooniverse/package.json
32 verbose already installed skipping json2ify@~0.0.1 /Users/javier/Sites/notesFromNature
33 verbose already installed skipping jqueryify@~0.0.1 /Users/javier/Sites/notesFromNature
34 verbose cache add [ 'underscore@latest', null ]
35 silly cache add name=undefined spec="underscore@latest" args=["underscore@latest",null]
36 verbose parsed url { pathname: 'underscore@latest',
36 verbose parsed url   path: 'underscore@latest',
36 verbose parsed url   href: 'underscore@latest' }
37 silly cache add name="underscore" spec="latest" args=["underscore","latest"]
38 verbose parsed url { pathname: 'latest', path: 'latest', href: 'latest' }
39 verbose addNamed [ 'underscore', 'latest' ]
40 verbose addNamed [ null, null ]
41 info addNameTag [ 'underscore', 'latest' ]
42 verbose cache add [ 'nib@latest', null ]
43 silly cache add name=undefined spec="nib@latest" args=["nib@latest",null]
44 verbose parsed url { pathname: 'nib@latest',
44 verbose parsed url   path: 'nib@latest',
44 verbose parsed url   href: 'nib@latest' }
45 silly cache add name="nib" spec="latest" args=["nib","latest"]
46 verbose parsed url { pathname: 'latest', path: 'latest', href: 'latest' }
47 verbose addNamed [ 'nib', 'latest' ]
48 verbose addNamed [ null, null ]
49 info addNameTag [ 'nib', 'latest' ]
50 verbose cache add [ 'zooniverse@git+ssh://git@github.com:zooniverse/Zooniverse.git',
50 verbose cache add   null ]
51 silly cache add name=undefined spec="zooniverse@git+ssh://git@github.com:zooniverse/Zooniverse.git" args=["zooniverse@git+ssh://git@github.com:zooniverse/Zooniverse.git",null]
52 verbose parsed url { pathname: 'zooniverse@git+ssh://git@github.com:zooniverse/Zooniverse.git',
52 verbose parsed url   path: 'zooniverse@git+ssh://git@github.com:zooniverse/Zooniverse.git',
52 verbose parsed url   href: 'zooniverse@git+ssh://git@github.com:zooniverse/Zooniverse.git' }
53 silly cache add name="zooniverse" spec="git+ssh://git@github.com:zooniverse/Zooniverse.git" args=["zooniverse","git+ssh://git@github.com:zooniverse/Zooniverse.git"]
54 verbose parsed url { protocol: 'git+ssh:',
54 verbose parsed url   slashes: true,
54 verbose parsed url   auth: 'git',
54 verbose parsed url   host: 'github.com',
54 verbose parsed url   hostname: 'github.com',
54 verbose parsed url   href: 'git+ssh://git@github.com/:zooniverse/Zooniverse.git',
54 verbose parsed url   pathname: '/:zooniverse/Zooniverse.git',
54 verbose parsed url   path: '/:zooniverse/Zooniverse.git' }
55 verbose addRemoteGit [ 'git@github.com:zooniverse/Zooniverse.git', 'master' ]
56 verbose already installed skipping spine@~1.0.5 /Users/javier/Sites/notesFromNature
57 silly exec git "clone" "git@github.com:zooniverse/Zooniverse.git" "/var/folders/kg/8kjlgmh52xb2dskdkywvm53w0000gn/T/npm-1349090959644/1349090959644-0.10923810373060405"
58 silly git,clone,git@github.com:zooniverse/Zooniverse.git,/var/folders/kg/8kjlgmh52xb2dskdkywvm53w0000gn/T/npm-1349090959644/1349090959644-0.10923810373060405, spawning
59 verbose url raw underscore
60 verbose url resolving [ 'https://registry.npmjs.org/', './underscore' ]
61 verbose url resolved https://registry.npmjs.org/underscore
62 verbose etag "7GPQN566F0UDSMZX63LNY8FRR"
63 http GET https://registry.npmjs.org/underscore
64 verbose url raw nib
65 verbose url resolving [ 'https://registry.npmjs.org/', './nib' ]
66 verbose url resolved https://registry.npmjs.org/nib
67 verbose etag "4GMS94S1IT7B33FWVRSPQN8DF"
68 http GET https://registry.npmjs.org/nib
69 verbose cache add [ 'serveup@~0.0.2', null ]
70 silly cache add name=undefined spec="serveup@~0.0.2" args=["serveup@~0.0.2",null]
71 verbose parsed url { pathname: 'serveup@~0.0.2',
71 verbose parsed url   path: 'serveup@~0.0.2',
71 verbose parsed url   href: 'serveup@~0.0.2' }
72 silly cache add name="serveup" spec="~0.0.2" args=["serveup","~0.0.2"]
73 verbose parsed url { pathname: '~0.0.2', path: '~0.0.2', href: '~0.0.2' }
74 verbose addNamed [ 'serveup', '~0.0.2' ]
75 verbose addNamed [ null, '>=0.0.2- <0.1.0-' ]
76 silly addNameRange { name: 'serveup', range: '>=0.0.2- <0.1.0-', hasData: false }
77 verbose cache add [ 'hem@~0.1.6', null ]
78 silly cache add name=undefined spec="hem@~0.1.6" args=["hem@~0.1.6",null]
79 verbose parsed url { pathname: 'hem@~0.1.6',
79 verbose parsed url   path: 'hem@~0.1.6',
79 verbose parsed url   href: 'hem@~0.1.6' }
80 silly cache add name="hem" spec="~0.1.6" args=["hem","~0.1.6"]
81 verbose parsed url { pathname: '~0.1.6', path: '~0.1.6', href: '~0.1.6' }
82 verbose addNamed [ 'hem', '~0.1.6' ]
83 verbose addNamed [ null, '>=0.1.6- <0.2.0-' ]
84 silly addNameRange { name: 'hem', range: '>=0.1.6- <0.2.0-', hasData: false }
85 verbose already installed skipping es5-shimify@~0.0.1 /Users/javier/Sites/notesFromNature
86 verbose url raw serveup
87 verbose url resolving [ 'https://registry.npmjs.org/', './serveup' ]
88 verbose url resolved https://registry.npmjs.org/serveup
89 verbose etag "7XUOFZTLVT1J6ZUQPLXPRWU17"
90 http GET https://registry.npmjs.org/serveup
91 verbose url raw hem
92 verbose url resolving [ 'https://registry.npmjs.org/', './hem' ]
93 verbose url resolved https://registry.npmjs.org/hem
94 verbose etag "53AG686WU4TQ0NBL0WRSLAFF9"
95 http GET https://registry.npmjs.org/hem
96 http 304 https://registry.npmjs.org/nib
97 silly registry.get cb [ 304,
97 silly registry.get   { server: 'CouchDB/1.2.0 (Erlang OTP/R15B)',
97 silly registry.get     etag: '"4GMS94S1IT7B33FWVRSPQN8DF"',
97 silly registry.get     date: 'Mon, 01 Oct 2012 11:29:21 GMT',
97 silly registry.get     'content-length': '0' } ]
98 verbose etag nib from cache
99 verbose read json /Users/javier/.npm/nib/0.8.2/package/package.json
100 info already installed nib@0.8.2
101 http 304 https://registry.npmjs.org/serveup
102 silly registry.get cb [ 304,
102 silly registry.get   { server: 'CouchDB/1.2.0 (Erlang OTP/R15B)',
102 silly registry.get     etag: '"7XUOFZTLVT1J6ZUQPLXPRWU17"',
102 silly registry.get     date: 'Mon, 01 Oct 2012 11:29:21 GMT',
102 silly registry.get     'content-length': '0' } ]
103 verbose etag serveup from cache
104 silly addNameRange number 2 { name: 'serveup', range: '>=0.0.2- <0.1.0-', hasData: true }
105 silly addNameRange versions [ 'serveup', [ '0.0.2', '0.0.3', '0.0.4', '0.0.5' ] ]
106 verbose read json /Users/javier/.npm/serveup/0.0.5/package/package.json
107 http 304 https://registry.npmjs.org/hem
108 silly registry.get cb [ 304,
108 silly registry.get   { server: 'CouchDB/1.2.0 (Erlang OTP/R15B)',
108 silly registry.get     etag: '"53AG686WU4TQ0NBL0WRSLAFF9"',
108 silly registry.get     date: 'Mon, 01 Oct 2012 11:29:26 GMT',
108 silly registry.get     'content-length': '0' } ]
109 verbose etag hem from cache
110 silly addNameRange number 2 { name: 'hem', range: '>=0.1.6- <0.2.0-', hasData: true }
111 silly addNameRange versions [ 'hem',
111 silly addNameRange   [ '0.0.1',
111 silly addNameRange     '0.0.2',
111 silly addNameRange     '0.0.3',
111 silly addNameRange     '0.0.4',
111 silly addNameRange     '0.0.5',
111 silly addNameRange     '0.0.6',
111 silly addNameRange     '0.0.7',
111 silly addNameRange     '0.0.8',
111 silly addNameRange     '0.0.9',
111 silly addNameRange     '0.1.0',
111 silly addNameRange     '0.1.1',
111 silly addNameRange     '0.1.2',
111 silly addNameRange     '0.1.3',
111 silly addNameRange     '0.1.5',
111 silly addNameRange     '0.1.6',
111 silly addNameRange     '0.1.7',
111 silly addNameRange     '0.1.8',
111 silly addNameRange     '0.1.9' ] ]
112 verbose read json /Users/javier/.npm/hem/0.1.9/package/package.json
113 http 304 https://registry.npmjs.org/underscore
114 silly registry.get cb [ 304,
114 silly registry.get   { server: 'CouchDB/1.2.0 (Erlang OTP/R15B)',
114 silly registry.get     etag: '"7GPQN566F0UDSMZX63LNY8FRR"',
114 silly registry.get     date: 'Mon, 01 Oct 2012 11:29:27 GMT',
114 silly registry.get     'content-length': '0' } ]
115 verbose etag underscore from cache
116 verbose read json /Users/javier/.npm/underscore/1.4.0/package/package.json
117 info already installed underscore@1.4.0
118 verbose git clone git@github.com:zooniverse/Zooniverse.git Cloning into '/var/folders/kg/8kjlgmh52xb2dskdkywvm53w0000gn/T/npm-1349090959644/1349090959644-0.10923810373060405'...
119 silly exec git "checkout" "master"
120 silly git,checkout,master,/var/folders/kg/8kjlgmh52xb2dskdkywvm53w0000gn/T/npm-1349090959644/1349090959644-0.10923810373060405 spawning
121 verbose git checkout master Already on 'master'
122 verbose read json /var/folders/kg/8kjlgmh52xb2dskdkywvm53w0000gn/T/npm-1349090959644/1349090959644-0.10923810373060405/package.json
123 verbose tar pack [ '/var/folders/kg/8kjlgmh52xb2dskdkywvm53w0000gn/T/npm-1349090959644/1349090970196-0.0942040968220681/tmp.tgz',
123 verbose tar pack   '/var/folders/kg/8kjlgmh52xb2dskdkywvm53w0000gn/T/npm-1349090959644/1349090959644-0.10923810373060405' ]
124 verbose tarball /var/folders/kg/8kjlgmh52xb2dskdkywvm53w0000gn/T/npm-1349090959644/1349090970196-0.0942040968220681/tmp.tgz
125 verbose folder /var/folders/kg/8kjlgmh52xb2dskdkywvm53w0000gn/T/npm-1349090959644/1349090959644-0.10923810373060405
126 verbose tar unpack /var/folders/kg/8kjlgmh52xb2dskdkywvm53w0000gn/T/npm-1349090959644/1349090970196-0.0942040968220681/tmp.tgz
127 silly gunzTarPerm modes [ '755', '644' ]
128 silly gunzTarPerm extractEntry package.json
129 silly gunzTarPerm extractEntry .npmignore
130 silly gunzTarPerm extractEntry README.md
131 silly gunzTarPerm extractEntry index.js
132 silly gunzTarPerm extractEntry css/browser_check.styl
133 silly gunzTarPerm extractEntry css/images/zooniverse-logo.png
134 silly gunzTarPerm extractEntry css/login_forms.styl
135 silly gunzTarPerm extractEntry css/top_bar.styl
136 silly gunzTarPerm extractEntry images/zoo-icon.png
137 silly gunzTarPerm extractEntry images/zooniverse-logo.png
138 silly gunzTarPerm extractEntry lib/active_hash_links.js
139 silly gunzTarPerm extractEntry lib/auto_popup.js
140 silly gunzTarPerm extractEntry lib/bar_graph.js
141 silly gunzTarPerm extractEntry lib/util.js
142 silly gunzTarPerm extractEntry lib/dialog.js
143 silly gunzTarPerm extractEntry lib/google_analytics.js
144 silly gunzTarPerm extractEntry lib/api.js
145 silly gunzTarPerm extractEntry lib/message.js
146 silly gunzTarPerm extractEntry lib/proxy_frame.js
147 silly gunzTarPerm extractEntry lib/zooniverse.js
148 silly gunzTarPerm extractEntry lib/map.js
149 silly gunzTarPerm extractEntry lib/models/favorite.js
150 silly gunzTarPerm extractEntry lib/models/group.js
151 silly gunzTarPerm extractEntry lib/models/model.js
152 silly gunzTarPerm extractEntry lib/models/profile_item.js
153 silly gunzTarPerm extractEntry lib/models/recent.js
154 silly gunzTarPerm extractEntry lib/models/subject.js
155 silly gunzTarPerm extractEntry lib/models/user.js
156 silly gunzTarPerm extractEntry lib/controllers/base_form.js
157 silly gunzTarPerm extractEntry lib/controllers/browser_check.js
158 silly gunzTarPerm extractEntry lib/controllers/controller.js
159 silly gunzTarPerm extractEntry lib/controllers/login_form.js
160 silly gunzTarPerm extractEntry lib/controllers/top_bar.js
161 silly gunzTarPerm extractEntry lib/controllers/tutorial.js
162 silly gunzTarPerm extractEntry lib/views/login_form.js
163 silly gunzTarPerm extractEntry lib/views/top_bar.js
164 silly gunzTarPerm extractEntry Cakefile
165 silly gunzTarPerm extractEntry slug.json
166 silly gunzTarPerm extractEntry src/map.coffee
167 silly gunzTarPerm extractEntry src/active_hash_links.coffee
168 silly gunzTarPerm extractEntry src/auto_popup.coffee
169 silly gunzTarPerm extractEntry src/bar_graph.coffee
170 silly gunzTarPerm extractEntry src/controllers/base_form.coffee
171 silly gunzTarPerm extractEntry src/controllers/browser_check.coffee
172 silly gunzTarPerm extractEntry src/controllers/controller.coffee
173 silly gunzTarPerm extractEntry src/controllers/login_form.coffee
174 silly gunzTarPerm extractEntry src/controllers/top_bar.coffee
175 silly gunzTarPerm extractEntry src/controllers/tutorial.coffee
176 silly gunzTarPerm extractEntry src/dialog.coffee
177 silly gunzTarPerm extractEntry src/google_analytics.coffee
178 silly gunzTarPerm extractEntry src/api.coffee
179 silly gunzTarPerm extractEntry src/message.coffee
180 silly gunzTarPerm extractEntry src/models/favorite.coffee
181 silly gunzTarPerm extractEntry src/models/group.coffee
182 silly gunzTarPerm extractEntry src/models/model.coffee
183 silly gunzTarPerm extractEntry src/models/profile_item.coffee
184 silly gunzTarPerm extractEntry src/models/recent.coffee
185 silly gunzTarPerm extractEntry src/models/subject.coffee
186 silly gunzTarPerm extractEntry src/models/user.coffee
187 silly gunzTarPerm extractEntry src/proxy_frame.coffee
188 silly gunzTarPerm extractEntry src/util.coffee
189 silly gunzTarPerm extractEntry src/views/login_form.coffee
190 silly gunzTarPerm extractEntry src/views/top_bar.coffee
191 silly gunzTarPerm extractEntry src/zooniverse.coffee
192 silly gunzTarPerm extractEntry test/index.html
193 silly gunzTarPerm extractEntry test/lib/jasmine-html.js
194 silly gunzTarPerm extractEntry test/lib/jasmine.jquery.js
195 silly gunzTarPerm extractEntry test/lib/jasmine.js
196 silly gunzTarPerm extractEntry test/lib/jasmine.phantomjs-reporter.js
197 silly gunzTarPerm extractEntry test/lib/jquery.js
198 silly gunzTarPerm extractEntry test/lib/jquery.mockjax.js
199 silly gunzTarPerm extractEntry test/lib/run-jasmine.js
200 silly gunzTarPerm extractEntry test/lib/jasmine.css
201 silly gunzTarPerm extractEntry test/proxy/proxy.js
202 silly gunzTarPerm extractEntry test/proxy/index.html
203 silly gunzTarPerm extractEntry test/proxy/proxy.coffee
204 silly gunzTarPerm extractEntry test/specs/user.js
205 silly gunzTarPerm extractEntry test/specs/top_bar.js
206 silly gunzTarPerm extractEntry test/specs/base_form.js
207 silly gunzTarPerm extractEntry test/specs/subject.js
208 silly gunzTarPerm extractEntry test/specs/group.js
209 silly gunzTarPerm extractEntry test/specs/recent.js
210 silly gunzTarPerm extractEntry test/specs/login_form.js
211 silly gunzTarPerm extractEntry test/specs/api.js
212 silly gunzTarPerm extractEntry test/specs/message.js
213 silly gunzTarPerm extractEntry test/specs/message.coffee
214 silly gunzTarPerm extractEntry test/specs/recent.coffee
215 silly gunzTarPerm extractEntry test/specs/login_form.coffee
216 silly gunzTarPerm extractEntry test/specs/subject.coffee
217 silly gunzTarPerm extractEntry test/specs/group.coffee
218 silly gunzTarPerm extractEntry test/specs/top_bar.coffee
219 silly gunzTarPerm extractEntry test/specs/base_form.coffee
220 silly gunzTarPerm extractEntry test/specs/user.coffee
221 silly gunzTarPerm extractEntry test/specs/api.coffee
222 silly gunzTarPerm extractEntry vendor/base64.js
223 silly gunzTarPerm extractEntry vendor/leaflet/leaflet-src.js
224 silly gunzTarPerm extractEntry vendor/leaflet/leaflet.js
225 silly gunzTarPerm extractEntry vendor/leaflet/images/layers.png
226 silly gunzTarPerm extractEntry vendor/leaflet/images/marker-icon.png
227 silly gunzTarPerm extractEntry vendor/leaflet/images/marker-shadow.png
228 silly gunzTarPerm extractEntry vendor/leaflet/images/zoom-in.png
229 silly gunzTarPerm extractEntry vendor/leaflet/images/zoom-out.png
230 silly gunzTarPerm extractEntry vendor/leaflet/leaflet.css
231 silly gunzTarPerm extractEntry vendor/leaflet/leaflet.ie.css
232 verbose read json /var/folders/kg/8kjlgmh52xb2dskdkywvm53w0000gn/T/npm-1349090959644/1349090970196-0.0942040968220681/package/package.json
233 verbose from cache /var/folders/kg/8kjlgmh52xb2dskdkywvm53w0000gn/T/npm-1349090959644/1349090970196-0.0942040968220681/package/package.json
234 verbose tar pack [ '/Users/javier/.npm/Zooniverse/0.0.1/package.tgz',
234 verbose tar pack   '/var/folders/kg/8kjlgmh52xb2dskdkywvm53w0000gn/T/npm-1349090959644/1349090970196-0.0942040968220681/package' ]
235 verbose tarball /Users/javier/.npm/Zooniverse/0.0.1/package.tgz
236 verbose folder /var/folders/kg/8kjlgmh52xb2dskdkywvm53w0000gn/T/npm-1349090959644/1349090970196-0.0942040968220681/package
237 verbose tar unpack /Users/javier/.npm/Zooniverse/0.0.1/package.tgz
238 silly gunzTarPerm modes [ '755', '644' ]
239 silly gunzTarPerm extractEntry package.json
240 silly gunzTarPerm extractEntry .npmignore
241 silly gunzTarPerm extractEntry README.md
242 silly gunzTarPerm extractEntry index.js
243 silly gunzTarPerm extractEntry css/browser_check.styl
244 silly gunzTarPerm extractEntry css/images/zooniverse-logo.png
245 silly gunzTarPerm extractEntry css/login_forms.styl
246 silly gunzTarPerm extractEntry css/top_bar.styl
247 silly gunzTarPerm extractEntry images/zoo-icon.png
248 silly gunzTarPerm extractEntry images/zooniverse-logo.png
249 silly gunzTarPerm extractEntry lib/active_hash_links.js
250 silly gunzTarPerm extractEntry lib/auto_popup.js
251 silly gunzTarPerm extractEntry lib/bar_graph.js
252 silly gunzTarPerm extractEntry lib/util.js
253 silly gunzTarPerm extractEntry lib/dialog.js
254 silly gunzTarPerm extractEntry lib/google_analytics.js
255 silly gunzTarPerm extractEntry lib/api.js
256 silly gunzTarPerm extractEntry lib/message.js
257 silly gunzTarPerm extractEntry lib/proxy_frame.js
258 silly gunzTarPerm extractEntry lib/zooniverse.js
259 silly gunzTarPerm extractEntry lib/map.js
260 silly gunzTarPerm extractEntry lib/models/favorite.js
261 silly gunzTarPerm extractEntry lib/models/group.js
262 silly gunzTarPerm extractEntry lib/models/model.js
263 silly gunzTarPerm extractEntry lib/models/profile_item.js
264 silly gunzTarPerm extractEntry lib/models/recent.js
265 silly gunzTarPerm extractEntry lib/models/subject.js
266 silly gunzTarPerm extractEntry lib/models/user.js
267 silly gunzTarPerm extractEntry lib/controllers/base_form.js
268 silly gunzTarPerm extractEntry lib/controllers/browser_check.js
269 silly gunzTarPerm extractEntry lib/controllers/controller.js
270 silly gunzTarPerm extractEntry lib/controllers/login_form.js
271 silly gunzTarPerm extractEntry lib/controllers/top_bar.js
272 silly gunzTarPerm extractEntry lib/controllers/tutorial.js
273 silly gunzTarPerm extractEntry lib/views/login_form.js
274 silly gunzTarPerm extractEntry lib/views/top_bar.js
275 silly gunzTarPerm extractEntry Cakefile
276 silly gunzTarPerm extractEntry slug.json
277 silly gunzTarPerm extractEntry src/map.coffee
278 silly gunzTarPerm extractEntry src/active_hash_links.coffee
279 silly gunzTarPerm extractEntry src/auto_popup.coffee
280 silly gunzTarPerm extractEntry src/bar_graph.coffee
281 silly gunzTarPerm extractEntry src/controllers/base_form.coffee
282 silly gunzTarPerm extractEntry src/controllers/browser_check.coffee
283 silly gunzTarPerm extractEntry src/controllers/controller.coffee
284 silly gunzTarPerm extractEntry src/controllers/login_form.coffee
285 silly gunzTarPerm extractEntry src/controllers/top_bar.coffee
286 silly gunzTarPerm extractEntry src/controllers/tutorial.coffee
287 silly gunzTarPerm extractEntry src/dialog.coffee
288 silly gunzTarPerm extractEntry src/google_analytics.coffee
289 silly gunzTarPerm extractEntry src/api.coffee
290 silly gunzTarPerm extractEntry src/message.coffee
291 silly gunzTarPerm extractEntry src/models/favorite.coffee
292 silly gunzTarPerm extractEntry src/models/group.coffee
293 silly gunzTarPerm extractEntry src/models/model.coffee
294 silly gunzTarPerm extractEntry src/models/profile_item.coffee
295 silly gunzTarPerm extractEntry src/models/recent.coffee
296 silly gunzTarPerm extractEntry src/models/subject.coffee
297 silly gunzTarPerm extractEntry src/models/user.coffee
298 silly gunzTarPerm extractEntry src/proxy_frame.coffee
299 silly gunzTarPerm extractEntry src/util.coffee
300 silly gunzTarPerm extractEntry src/views/login_form.coffee
301 silly gunzTarPerm extractEntry src/views/top_bar.coffee
302 silly gunzTarPerm extractEntry src/zooniverse.coffee
303 silly gunzTarPerm extractEntry test/index.html
304 silly gunzTarPerm extractEntry test/lib/jasmine-html.js
305 silly gunzTarPerm extractEntry test/lib/jasmine.jquery.js
306 silly gunzTarPerm extractEntry test/lib/jasmine.js
307 silly gunzTarPerm extractEntry test/lib/jasmine.phantomjs-reporter.js
308 silly gunzTarPerm extractEntry test/lib/jquery.js
309 silly gunzTarPerm extractEntry test/lib/jquery.mockjax.js
310 silly gunzTarPerm extractEntry test/lib/run-jasmine.js
311 silly gunzTarPerm extractEntry test/lib/jasmine.css
312 silly gunzTarPerm extractEntry test/proxy/proxy.js
313 silly gunzTarPerm extractEntry test/proxy/index.html
314 silly gunzTarPerm extractEntry test/proxy/proxy.coffee
315 silly gunzTarPerm extractEntry test/specs/user.js
316 silly gunzTarPerm extractEntry test/specs/top_bar.js
317 silly gunzTarPerm extractEntry test/specs/base_form.js
318 silly gunzTarPerm extractEntry test/specs/subject.js
319 silly gunzTarPerm extractEntry test/specs/group.js
320 silly gunzTarPerm extractEntry test/specs/recent.js
321 silly gunzTarPerm extractEntry test/specs/login_form.js
322 silly gunzTarPerm extractEntry test/specs/api.js
323 silly gunzTarPerm extractEntry test/specs/message.js
324 silly gunzTarPerm extractEntry test/specs/message.coffee
325 silly gunzTarPerm extractEntry test/specs/recent.coffee
326 silly gunzTarPerm extractEntry test/specs/login_form.coffee
327 silly gunzTarPerm extractEntry test/specs/subject.coffee
328 silly gunzTarPerm extractEntry test/specs/group.coffee
329 silly gunzTarPerm extractEntry test/specs/top_bar.coffee
330 silly gunzTarPerm extractEntry test/specs/base_form.coffee
331 silly gunzTarPerm extractEntry test/specs/user.coffee
332 silly gunzTarPerm extractEntry test/specs/api.coffee
333 silly gunzTarPerm extractEntry vendor/base64.js
334 silly gunzTarPerm extractEntry vendor/leaflet/leaflet-src.js
335 silly gunzTarPerm extractEntry vendor/leaflet/leaflet.js
336 silly gunzTarPerm extractEntry vendor/leaflet/images/layers.png
337 silly gunzTarPerm extractEntry vendor/leaflet/images/marker-icon.png
338 silly gunzTarPerm extractEntry vendor/leaflet/images/marker-shadow.png
339 silly gunzTarPerm extractEntry vendor/leaflet/images/zoom-in.png
340 silly gunzTarPerm extractEntry vendor/leaflet/images/zoom-out.png
341 silly gunzTarPerm extractEntry vendor/leaflet/leaflet.css
342 silly gunzTarPerm extractEntry vendor/leaflet/leaflet.ie.css
343 verbose read json /Users/javier/.npm/Zooniverse/0.0.1/package/package.json
344 silly shasum updated bytes 40960
345 silly shasum updated bytes 40960
346 silly shasum updated bytes 40960
347 silly shasum updated bytes 40960
348 silly shasum updated bytes 32617
349 info shasum a6bd33d71c2de1133359d4def2c3c34c122a68ba
349 info shasum /Users/javier/.npm/Zooniverse/0.0.1/package.tgz
350 verbose from cache /Users/javier/.npm/Zooniverse/0.0.1/package/package.json
351 verbose chmod /Users/javier/.npm/Zooniverse/0.0.1/package.tgz 644
352 verbose chown /Users/javier/.npm/Zooniverse/0.0.1/package.tgz [ 501, 20 ]
353 info already installed Zooniverse@0.0.1
354 silly resolved [ { name: 'serveup',
354 silly resolved     description: 'Simple static server.',
354 silly resolved     version: '0.0.5',
354 silly resolved     author: { name: 'maccman' },
354 silly resolved     licenses: [ [Object] ],
354 silly resolved     repository: { type: 'git', url: 'http://github.com/maccman/serveup.git' },
354 silly resolved     engine: [ 'node >=0.1.102' ],
354 silly resolved     main: './index.js',
354 silly resolved     bin: { serveup: './index.js' },
354 silly resolved     dependencies: { express: '=2.5.0', optimist: '~0.2.6' },
354 silly resolved     _id: 'serveup@0.0.5',
354 silly resolved     _from: 'serveup@~0.0.2' },
354 silly resolved   { name: 'hem',
354 silly resolved     description: 'CommonJS stitcher.',
354 silly resolved     version: '0.1.9',
354 silly resolved     author: { name: 'maccman' },
354 silly resolved     licenses: [ [Object] ],
354 silly resolved     repository: { type: 'git', url: 'http://github.com/maccman/hem.git' },
354 silly resolved     engine: [ 'node >=0.1.102' ],
354 silly resolved     main: './lib/hem.js',
354 silly resolved     bin: { hem: './bin/hem' },
354 silly resolved     dependencies:
354 silly resolved      { eco: '1.1.0-rc-3',
354 silly resolved        'uglify-js': '~1.1.1',
354 silly resolved        'fast-detective': '~0.0.1',
354 silly resolved        optimist: '~0.2.6',
354 silly resolved        stylus: '~0.23.0',
354 silly resolved        'coffee-script': '~1.3.0',
354 silly resolved        watch: '~0.4.0',
354 silly resolved        strata: '0.15.1' },
354 silly resolved     readme: '#Introduction\n\nHem is a project for compiling CommonJS modules when building JavaScript web applications. You can think of Hem as [Bundler](http://gembundler.com/) for Node, or [Stitch](https://github.com/sstephenson/stitch) on steroids. \n\nThis is rather awesome, as it means you don\'t need to faff around with coping around JavaScript files. jQuery can be a npm dependency, so can jQueryUI and all your custom components. Hem will resolve dependencies dynamically, bundling them together into one file to be served up. Upon deployment, you can serialize your application to disk and serve it statically. \n\n#Installation\n\n    npm install -g hem\n\n#Usage\n\nPlease see the [Hem guide](http://spinejs.com/docs/hem) for usage instructions.',
354 silly resolved     _id: 'hem@0.1.9',
354 silly resolved     _from: 'hem@~0.1.6' } ]
355 info install serveup@0.0.5 into /Users/javier/Sites/notesFromNature
356 info install hem@0.1.9 into /Users/javier/Sites/notesFromNature
357 info installOne serveup@0.0.5
358 info installOne hem@0.1.9
359 verbose from cache /Users/javier/.npm/hem/0.1.9/package/package.json
360 verbose from cache /Users/javier/.npm/serveup/0.0.5/package/package.json
361 info /Users/javier/Sites/notesFromNature/node_modules/hem unbuild
362 verbose read json /Users/javier/Sites/notesFromNature/node_modules/hem/package.json
363 info /Users/javier/Sites/notesFromNature/node_modules/serveup unbuild
364 verbose read json /Users/javier/Sites/notesFromNature/node_modules/serveup/package.json
365 verbose tar unpack /Users/javier/.npm/hem/0.1.9/package.tgz
366 silly gunzTarPerm modes [ '755', '644' ]
367 silly gunzTarPerm extractEntry package.json
368 silly gunzTarPerm extractEntry .npmignore
369 silly gunzTarPerm extractEntry README.md
370 silly gunzTarPerm extractEntry LICENSE
371 silly gunzTarPerm extractEntry assets/stitch.eco
372 verbose tar unpack /Users/javier/.npm/serveup/0.0.5/package.tgz
373 silly gunzTarPerm modes [ '755', '644' ]
374 silly gunzTarPerm extractEntry bin/hem
375 silly gunzTarPerm extractEntry Cakefile
376 silly gunzTarPerm extractEntry package.json
377 silly gunzTarPerm extractEntry .npmignore
378 silly gunzTarPerm extractEntry LICENSE
379 silly gunzTarPerm extractEntry examples/app/controllers/test.coffee
380 silly gunzTarPerm extractEntry examples/app/index.coffee
381 silly gunzTarPerm extractEntry examples/css/index.styl
382 silly gunzTarPerm extractEntry index.js
383 silly gunzTarPerm extractEntry examples/lib/custom.js
384 silly gunzTarPerm extractEntry examples/public/application.js
385 silly gunzTarPerm extractEntry examples/public/application.css
386 silly gunzTarPerm extractEntry examples/public/index.html
387 silly gunzTarPerm extractEntry examples/slug.json
388 silly gunzTarPerm extractEntry lib/compilers.js
389 verbose read json /Users/javier/Sites/notesFromNature/node_modules/serveup/package.json
390 silly gunzTarPerm extractEntry lib/css.js
391 silly gunzTarPerm extractEntry lib/dependency.js
392 info preinstall serveup@0.0.5
393 verbose from cache /Users/javier/Sites/notesFromNature/node_modules/serveup/package.json
394 verbose readDependencies using package.json deps
395 verbose from cache /Users/javier/Sites/notesFromNature/node_modules/serveup/package.json
396 verbose readDependencies using package.json deps
397 silly gunzTarPerm extractEntry lib/hem.js
398 silly gunzTarPerm extractEntry lib/package.js
399 verbose cache add [ 'express@=2.5.0', null ]
400 silly cache add name=undefined spec="express@=2.5.0" args=["express@=2.5.0",null]
401 verbose parsed url { pathname: 'express@=2.5.0',
401 verbose parsed url   path: 'express@=2.5.0',
401 verbose parsed url   href: 'express@=2.5.0' }
402 silly cache add name="express" spec="=2.5.0" args=["express","=2.5.0"]
403 verbose parsed url { pathname: '=2.5.0', path: '=2.5.0', href: '=2.5.0' }
404 verbose addNamed [ 'express', '=2.5.0' ]
405 verbose addNamed [ '2.5.0', '=2.5.0' ]
406 verbose cache add [ 'optimist@~0.2.6', null ]
407 silly cache add name=undefined spec="optimist@~0.2.6" args=["optimist@~0.2.6",null]
408 verbose parsed url { pathname: 'optimist@~0.2.6',
408 verbose parsed url   path: 'optimist@~0.2.6',
408 verbose parsed url   href: 'optimist@~0.2.6' }
409 silly cache add name="optimist" spec="~0.2.6" args=["optimist","~0.2.6"]
410 verbose parsed url { pathname: '~0.2.6', path: '~0.2.6', href: '~0.2.6' }
411 verbose addNamed [ 'optimist', '~0.2.6' ]
412 verbose addNamed [ null, '>=0.2.6- <0.3.0-' ]
413 silly addNameRange { name: 'optimist', range: '>=0.2.6- <0.3.0-', hasData: false }
414 verbose url raw express/2.5.0
415 verbose url resolving [ 'https://registry.npmjs.org/', './express/2.5.0' ]
416 verbose url resolved https://registry.npmjs.org/express/2.5.0
417 verbose etag "227WIU2IQCHTQC83JWVMQ69S7"
418 http GET https://registry.npmjs.org/express/2.5.0
419 verbose url raw optimist
420 verbose url resolving [ 'https://registry.npmjs.org/', './optimist' ]
421 verbose url resolved https://registry.npmjs.org/optimist
422 verbose etag "6VYSM3FEKYS0S8Q3BC9R05XA3"
423 http GET https://registry.npmjs.org/optimist
424 silly gunzTarPerm extractEntry lib/resolve.js
425 silly gunzTarPerm extractEntry lib/specs.js
426 silly gunzTarPerm extractEntry lib/stitch.js
427 silly gunzTarPerm extractEntry lib/utils.js
428 silly gunzTarPerm extractEntry src/compilers.coffee
429 silly gunzTarPerm extractEntry src/css.coffee
430 silly gunzTarPerm extractEntry src/dependency.coffee
431 silly gunzTarPerm extractEntry src/hem.coffee
432 silly gunzTarPerm extractEntry src/package.coffee
433 silly gunzTarPerm extractEntry src/resolve.coffee
434 silly gunzTarPerm extractEntry src/specs.coffee
435 silly gunzTarPerm extractEntry src/stitch.coffee
436 silly gunzTarPerm extractEntry src/utils.coffee
437 verbose read json /Users/javier/Sites/notesFromNature/node_modules/hem/package.json
438 info preinstall hem@0.1.9
439 verbose from cache /Users/javier/Sites/notesFromNature/node_modules/hem/package.json
440 verbose readDependencies using package.json deps
441 verbose from cache /Users/javier/Sites/notesFromNature/node_modules/hem/package.json
442 verbose readDependencies using package.json deps
443 verbose cache add [ 'eco@1.1.0-rc-3', null ]
444 silly cache add name=undefined spec="eco@1.1.0-rc-3" args=["eco@1.1.0-rc-3",null]
445 verbose parsed url { pathname: 'eco@1.1.0-rc-3',
445 verbose parsed url   path: 'eco@1.1.0-rc-3',
445 verbose parsed url   href: 'eco@1.1.0-rc-3' }
446 silly cache add name="eco" spec="1.1.0-rc-3" args=["eco","1.1.0-rc-3"]
447 verbose parsed url { pathname: '1.1.0-rc-3',
447 verbose parsed url   path: '1.1.0-rc-3',
447 verbose parsed url   href: '1.1.0-rc-3' }
448 verbose addNamed [ 'eco', '1.1.0-rc-3' ]
449 verbose addNamed [ '1.1.0-rc-3', '1.1.0-rc-3' ]
450 verbose cache add [ 'uglify-js@~1.1.1', null ]
451 silly cache add name=undefined spec="uglify-js@~1.1.1" args=["uglify-js@~1.1.1",null]
452 verbose parsed url { pathname: 'uglify-js@~1.1.1',
452 verbose parsed url   path: 'uglify-js@~1.1.1',
452 verbose parsed url   href: 'uglify-js@~1.1.1' }
453 silly cache add name="uglify-js" spec="~1.1.1" args=["uglify-js","~1.1.1"]
454 verbose parsed url { pathname: '~1.1.1', path: '~1.1.1', href: '~1.1.1' }
455 verbose addNamed [ 'uglify-js', '~1.1.1' ]
456 verbose addNamed [ null, '>=1.1.1- <1.2.0-' ]
457 silly addNameRange { name: 'uglify-js', range: '>=1.1.1- <1.2.0-', hasData: false }
458 verbose cache add [ 'fast-detective@~0.0.1', null ]
459 silly cache add name=undefined spec="fast-detective@~0.0.1" args=["fast-detective@~0.0.1",null]
460 verbose parsed url { pathname: 'fast-detective@~0.0.1',
460 verbose parsed url   path: 'fast-detective@~0.0.1',
460 verbose parsed url   href: 'fast-detective@~0.0.1' }
461 silly cache add name="fast-detective" spec="~0.0.1" args=["fast-detective","~0.0.1"]
462 verbose parsed url { pathname: '~0.0.1', path: '~0.0.1', href: '~0.0.1' }
463 verbose addNamed [ 'fast-detective', '~0.0.1' ]
464 verbose addNamed [ null, '>=0.0.1- <0.1.0-' ]
465 silly addNameRange { name: 'fast-detective',
465 silly addNameRange   range: '>=0.0.1- <0.1.0-',
465 silly addNameRange   hasData: false }
466 verbose cache add [ 'optimist@~0.2.6', null ]
467 silly cache add name=undefined spec="optimist@~0.2.6" args=["optimist@~0.2.6",null]
468 verbose parsed url { pathname: 'optimist@~0.2.6',
468 verbose parsed url   path: 'optimist@~0.2.6',
468 verbose parsed url   href: 'optimist@~0.2.6' }
469 silly cache add name="optimist" spec="~0.2.6" args=["optimist","~0.2.6"]
470 verbose parsed url { pathname: '~0.2.6', path: '~0.2.6', href: '~0.2.6' }
471 verbose addNamed [ 'optimist', '~0.2.6' ]
472 verbose cache add [ 'stylus@~0.23.0', null ]
473 silly cache add name=undefined spec="stylus@~0.23.0" args=["stylus@~0.23.0",null]
474 verbose parsed url { pathname: 'stylus@~0.23.0',
474 verbose parsed url   path: 'stylus@~0.23.0',
474 verbose parsed url   href: 'stylus@~0.23.0' }
475 silly cache add name="stylus" spec="~0.23.0" args=["stylus","~0.23.0"]
476 verbose parsed url { pathname: '~0.23.0', path: '~0.23.0', href: '~0.23.0' }
477 verbose addNamed [ 'stylus', '~0.23.0' ]
478 verbose addNamed [ null, '>=0.23.0- <0.24.0-' ]
479 silly addNameRange { name: 'stylus', range: '>=0.23.0- <0.24.0-', hasData: false }
480 verbose url raw eco/1.1.0-rc-3
481 verbose url resolving [ 'https://registry.npmjs.org/', './eco/1.1.0-rc-3' ]
482 verbose url resolved https://registry.npmjs.org/eco/1.1.0-rc-3
483 verbose etag "5UMN8HBHMXM7K1SRQZH2I3CFN"
484 http GET https://registry.npmjs.org/eco/1.1.0-rc-3
485 verbose url raw uglify-js
486 verbose url resolving [ 'https://registry.npmjs.org/', './uglify-js' ]
487 verbose url resolved https://registry.npmjs.org/uglify-js
488 verbose etag "6YBN5RQUEAMOF7U28VM6OOTD5"
489 http GET https://registry.npmjs.org/uglify-js
490 verbose url raw fast-detective
491 verbose url resolving [ 'https://registry.npmjs.org/', './fast-detective' ]
492 verbose url resolved https://registry.npmjs.org/fast-detective
493 verbose etag "E08GALF91VFBHHG52EN6JF39S"
494 http GET https://registry.npmjs.org/fast-detective
495 verbose url raw stylus
496 verbose url resolving [ 'https://registry.npmjs.org/', './stylus' ]
497 verbose url resolved https://registry.npmjs.org/stylus
498 verbose etag "80PKLMN43JZ951IQ581DGCHHA"
499 http GET https://registry.npmjs.org/stylus
500 verbose cache add [ 'coffee-script@~1.3.0', null ]
501 silly cache add name=undefined spec="coffee-script@~1.3.0" args=["coffee-script@~1.3.0",null]
502 verbose parsed url { pathname: 'coffee-script@~1.3.0',
502 verbose parsed url   path: 'coffee-script@~1.3.0',
502 verbose parsed url   href: 'coffee-script@~1.3.0' }
503 silly cache add name="coffee-script" spec="~1.3.0" args=["coffee-script","~1.3.0"]
504 verbose parsed url { pathname: '~1.3.0', path: '~1.3.0', href: '~1.3.0' }
505 verbose addNamed [ 'coffee-script', '~1.3.0' ]
506 verbose addNamed [ null, '>=1.3.0- <1.4.0-' ]
507 silly addNameRange { name: 'coffee-script',
507 silly addNameRange   range: '>=1.3.0- <1.4.0-',
507 silly addNameRange   hasData: false }
508 verbose cache add [ 'watch@~0.4.0', null ]
509 silly cache add name=undefined spec="watch@~0.4.0" args=["watch@~0.4.0",null]
510 verbose parsed url { pathname: 'watch@~0.4.0',
510 verbose parsed url   path: 'watch@~0.4.0',
510 verbose parsed url   href: 'watch@~0.4.0' }
511 silly cache add name="watch" spec="~0.4.0" args=["watch","~0.4.0"]
512 verbose parsed url { pathname: '~0.4.0', path: '~0.4.0', href: '~0.4.0' }
513 verbose addNamed [ 'watch', '~0.4.0' ]
514 verbose addNamed [ null, '>=0.4.0- <0.5.0-' ]
515 silly addNameRange { name: 'watch', range: '>=0.4.0- <0.5.0-', hasData: false }
516 verbose cache add [ 'strata@0.15.1', null ]
517 silly cache add name=undefined spec="strata@0.15.1" args=["strata@0.15.1",null]
518 verbose parsed url { pathname: 'strata@0.15.1',
518 verbose parsed url   path: 'strata@0.15.1',
518 verbose parsed url   href: 'strata@0.15.1' }
519 silly cache add name="strata" spec="0.15.1" args=["strata","0.15.1"]
520 verbose parsed url { pathname: '0.15.1', path: '0.15.1', href: '0.15.1' }
521 verbose addNamed [ 'strata', '0.15.1' ]
522 verbose addNamed [ '0.15.1', '0.15.1' ]
523 verbose url raw coffee-script
524 verbose url resolving [ 'https://registry.npmjs.org/', './coffee-script' ]
525 verbose url resolved https://registry.npmjs.org/coffee-script
526 verbose etag "ES3SNJJG9CXPB6XEIRPAT2G3G"
527 http GET https://registry.npmjs.org/coffee-script
528 verbose url raw watch
529 verbose url resolving [ 'https://registry.npmjs.org/', './watch' ]
530 verbose url resolved https://registry.npmjs.org/watch
531 verbose etag "53PTOV0MLDCDWTEB3KME3SOJN"
532 http GET https://registry.npmjs.org/watch
533 verbose url raw strata/0.15.1
534 verbose url resolving [ 'https://registry.npmjs.org/', './strata/0.15.1' ]
535 verbose url resolved https://registry.npmjs.org/strata/0.15.1
536 verbose etag "CZRIDR4MOH81O1N9K0LY8U0RF"
537 http GET https://registry.npmjs.org/strata/0.15.1
538 http 304 https://registry.npmjs.org/eco/1.1.0-rc-3
539 silly registry.get cb [ 304,
539 silly registry.get   { server: 'CouchDB/1.2.0 (Erlang OTP/R15B)',
539 silly registry.get     etag: '"5UMN8HBHMXM7K1SRQZH2I3CFN"',
539 silly registry.get     date: 'Mon, 01 Oct 2012 11:29:38 GMT',
539 silly registry.get     'content-length': '0' } ]
540 verbose etag eco/1.1.0-rc-3 from cache
541 verbose read json /Users/javier/.npm/eco/1.1.0-rc-3/package/package.json
542 http 304 https://registry.npmjs.org/express/2.5.0
543 silly registry.get cb [ 304,
543 silly registry.get   { server: 'CouchDB/1.2.0 (Erlang OTP/R15B)',
543 silly registry.get     etag: '"227WIU2IQCHTQC83JWVMQ69S7"',
543 silly registry.get     date: 'Mon, 01 Oct 2012 11:29:38 GMT',
543 silly registry.get     'content-length': '0' } ]
544 verbose etag express/2.5.0 from cache
545 http 304 https://registry.npmjs.org/fast-detective
546 silly registry.get cb [ 304,
546 silly registry.get   { server: 'CouchDB/1.2.0 (Erlang OTP/R15B)',
546 silly registry.get     etag: '"E08GALF91VFBHHG52EN6JF39S"',
546 silly registry.get     date: 'Mon, 01 Oct 2012 11:29:38 GMT',
546 silly registry.get     'content-length': '0' } ]
547 verbose etag fast-detective from cache
548 verbose read json /Users/javier/.npm/express/2.5.0/package/package.json
549 silly addNameRange number 2 { name: 'fast-detective',
549 silly addNameRange   range: '>=0.0.1- <0.1.0-',
549 silly addNameRange   hasData: true }
550 silly addNameRange versions [ 'fast-detective', [ '0.0.1', '0.0.2' ] ]
551 verbose read json /Users/javier/.npm/fast-detective/0.0.2/package/package.json
552 http 304 https://registry.npmjs.org/uglify-js
553 silly registry.get cb [ 304,
553 silly registry.get   { server: 'CouchDB/1.2.0 (Erlang OTP/R15B)',
553 silly registry.get     etag: '"6YBN5RQUEAMOF7U28VM6OOTD5"',
553 silly registry.get     date: 'Mon, 01 Oct 2012 11:29:38 GMT',
553 silly registry.get     'content-length': '0' } ]
554 verbose etag uglify-js from cache
555 silly addNameRange number 2 { name: 'uglify-js', range: '>=1.1.1- <1.2.0-', hasData: true }
556 silly addNameRange versions [ 'uglify-js',
556 silly addNameRange   [ '0.0.1',
556 silly addNameRange     '0.0.2',
556 silly addNameRange     '0.0.3',
556 silly addNameRange     '0.0.4',
556 silly addNameRange     '0.0.5',
556 silly addNameRange     '1.0.1',
556 silly addNameRange     '1.0.2',
556 silly addNameRange     '1.0.3',
556 silly addNameRange     '1.0.4',
556 silly addNameRange     '1.0.5',
556 silly addNameRange     '1.0.6',
556 silly addNameRange     '1.0.7',
556 silly addNameRange     '1.1.0',
556 silly addNameRange     '1.1.1',
556 silly addNameRange     '1.2.0',
556 silly addNameRange     '1.2.1',
556 silly addNameRange     '1.2.2',
556 silly addNameRange     '1.2.3',
556 silly addNameRange     '1.2.4',
556 silly addNameRange     '1.2.5',
556 silly addNameRange     '1.2.6',
556 silly addNameRange     '1.3.0',
556 silly addNameRange     '1.3.1',
556 silly addNameRange     '1.3.2',
556 silly addNameRange     '1.3.3' ] ]
557 verbose read json /Users/javier/.npm/uglify-js/1.1.1/package/package.json
558 http 304 https://registry.npmjs.org/strata/0.15.1
559 silly registry.get cb [ 304,
559 silly registry.get   { server: 'CouchDB/1.2.0 (Erlang OTP/R15B)',
559 silly registry.get     etag: '"CZRIDR4MOH81O1N9K0LY8U0RF"',
559 silly registry.get     date: 'Mon, 01 Oct 2012 11:29:38 GMT',
559 silly registry.get     'content-length': '0' } ]
560 verbose etag strata/0.15.1 from cache
561 verbose read json /Users/javier/.npm/strata/0.15.1/package/package.json
562 http 304 https://registry.npmjs.org/coffee-script
563 silly registry.get cb [ 304,
563 silly registry.get   { server: 'CouchDB/1.2.0 (Erlang OTP/R15B)',
563 silly registry.get     etag: '"ES3SNJJG9CXPB6XEIRPAT2G3G"',
563 silly registry.get     date: 'Mon, 01 Oct 2012 11:29:38 GMT',
563 silly registry.get     'content-length': '0' } ]
564 verbose etag coffee-script from cache
565 silly addNameRange number 2 { name: 'coffee-script',
565 silly addNameRange   range: '>=1.3.0- <1.4.0-',
565 silly addNameRange   hasData: true }
566 silly addNameRange versions [ 'coffee-script',
566 silly addNameRange   [ '0.7.0',
566 silly addNameRange     '0.7.1',
566 silly addNameRange     '0.7.2',
566 silly addNameRange     '0.9.0',
566 silly addNameRange     '0.9.1',
566 silly addNameRange     '0.9.2',
566 silly addNameRange     '0.9.3',
566 silly addNameRange     '0.9.4',
566 silly addNameRange     '0.9.5',
566 silly addNameRange     '0.9.6',
566 silly addNameRange     '1.0.0',
566 silly addNameRange     '1.0.1',
566 silly addNameRange     '1.1.0',
566 silly addNameRange     '1.1.1',
566 silly addNameRange     '1.1.2',
566 silly addNameRange     '1.1.3',
566 silly addNameRange     '1.2.0',
566 silly addNameRange     '1.3.0',
566 silly addNameRange     '1.3.1',
566 silly addNameRange     '1.3.2',
566 silly addNameRange     '1.3.3' ] ]
567 verbose read json /Users/javier/.npm/coffee-script/1.3.3/package/package.json
568 http 304 https://registry.npmjs.org/optimist
569 silly registry.get cb [ 304,
569 silly registry.get   { server: 'CouchDB/1.2.0 (Erlang OTP/R15B)',
569 silly registry.get     etag: '"6VYSM3FEKYS0S8Q3BC9R05XA3"',
569 silly registry.get     date: 'Mon, 01 Oct 2012 11:29:39 GMT',
569 silly registry.get     'content-length': '0' } ]
570 verbose etag optimist from cache
571 silly addNameRange number 2 { name: 'optimist', range: '>=0.2.6- <0.3.0-', hasData: true }
572 silly addNameRange versions [ 'optimist',
572 silly addNameRange   [ '0.0.1',
572 silly addNameRange     '0.0.2',
572 silly addNameRange     '0.0.4',
572 silly addNameRange     '0.0.5',
572 silly addNameRange     '0.0.6',
572 silly addNameRange     '0.0.7',
572 silly addNameRange     '0.1.0',
572 silly addNameRange     '0.1.1',
572 silly addNameRange     '0.1.2',
572 silly addNameRange     '0.1.3',
572 silly addNameRange     '0.1.4',
572 silly addNameRange     '0.1.5',
572 silly addNameRange     '0.1.6',
572 silly addNameRange     '0.1.7',
572 silly addNameRange     '0.1.8',
572 silly addNameRange     '0.1.9',
572 silly addNameRange     '0.0.3',
572 silly addNameRange     '0.2.0',
572 silly addNameRange     '0.2.1',
572 silly addNameRange     '0.2.2',
572 silly addNameRange     '0.2.3',
572 silly addNameRange     '0.2.4',
572 silly addNameRange     '0.2.5',
572 silly addNameRange     '0.2.6',
572 silly addNameRange     '0.2.7',
572 silly addNameRange     '0.2.8',
572 silly addNameRange     '0.3.0',
572 silly addNameRange     '0.3.1',
572 silly addNameRange     '0.3.3',
572 silly addNameRange     '0.3.4' ] ]
573 verbose read json /Users/javier/.npm/optimist/0.2.8/package/package.json
574 silly resolved [ { name: 'express',
574 silly resolved     description: 'Sinatra inspired web development framework',
574 silly resolved     version: '2.5.0',
574 silly resolved     author: { name: 'TJ Holowaychuk', email: 'tj@vision-media.ca' },
574 silly resolved     contributors: [ [Object], [Object], [Object], [Object] ],
574 silly resolved     dependencies:
574 silly resolved      { connect: '1.7.x',
574 silly resolved        mime: '>= 0.0.1',
574 silly resolved        qs: '>= 0.3.1',
574 silly resolved        mkdirp: '0.0.7' },
574 silly resolved     devDependencies:
574 silly resolved      { 'connect-form': '0.2.1',
574 silly resolved        ejs: '0.4.2',
574 silly resolved        expresso: '0.9.2',
574 silly resolved        hamljs: '0.5.1',
574 silly resolved        jade: '0.16.2',
574 silly resolved        stylus: '0.13.0',
574 silly resolved        should: '0.3.2',
574 silly resolved        'express-messages': '0.0.2',
574 silly resolved        'node-markdown': '>= 0.0.1',
574 silly resolved        'connect-redis': '>= 0.0.1' },
574 silly resolved     keywords: [ 'framework', 'sinatra', 'web', 'rest', 'restful' ],
574 silly resolved     repository: { type: 'git', url: 'git://github.com/visionmedia/express' },
574 silly resolved     main: 'index',
574 silly resolved     bin: { express: './bin/express' },
574 silly resolved     scripts: { test: 'make test', prepublish: 'npm prune' },
574 silly resolved     engines: { node: '>= 0.4.1 < 0.7.0' },
574 silly resolved     _id: 'express@2.5.0',
574 silly resolved     _from: 'express@=2.5.0' },
574 silly resolved   { name: 'optimist',
574 silly resolved     version: '0.2.8',
574 silly resolved     description: 'Light-weight option parsing with an argv hash. No optstrings attached.',
574 silly resolved     main: './index.js',
574 silly resolved     directories: { lib: '.', test: 'test', example: 'examples' },
574 silly resolved     dependencies: { wordwrap: '>=0.0.1 <0.1.0' },
574 silly resolved     devDependencies: { hashish: '0.0.x', expresso: '0.7.x' },
574 silly resolved     scripts: { test: 'expresso' },
574 silly resolved     repository:
574 silly resolved      { type: 'git',
574 silly resolved        url: 'http://github.com/substack/node-optimist.git' },
574 silly resolved     keywords:
574 silly resolved      [ 'argument',
574 silly resolved        'args',
574 silly resolved        'option',
574 silly resolved        'parser',
574 silly resolved        'parsing',
574 silly resolved        'cli',
574 silly resolved        'command' ],
574 silly resolved     author:
574 silly resolved      { name: 'James Halliday',
574 silly resolved        email: 'mail@substack.net',
574 silly resolved        url: 'http://substack.net' },
574 silly resolved     license: 'MIT/X11',
574 silly resolved     engine: { node: '>=0.4' },
574 silly resolved     readme: 'optimist\n========\n\nOptimist is a node.js library for option parsing for people who hate option\nparsing. More specifically, this module is for people who like all the --bells\nand -whistlz of program usage but think optstrings are a waste of time.\n\nWith optimist, option parsing doesn\'t have to suck (as much).\n\nexamples\n========\n\nWith Optimist, the options are just a hash! No optstrings attached.\n-------------------------------------------------------------------\n\nxup.js:\n\n````javascript\n#!/usr/bin/env node\nvar argv = require(\'optimist\').argv;\n\nif (argv.rif - 5 * argv.xup > 7.138) {\n    console.log(\'Buy more riffiwobbles\');\n}\nelse {\n    console.log(\'Sell the xupptumblers\');\n}\n````\n\n***\n\n    $ ./xup.js --rif=55 --xup=9.52\n    Buy more riffiwobbles\n    \n    $ ./xup.js --rif 12 --xup 8.1\n    Sell the xupptumblers\n\n![This one\'s optimistic.](http://substack.net/images/optimistic.png)\n\nBut wait! There\'s more! You can do short options:\n-------------------------------------------------\n \nshort.js:\n\n````javascript\n#!/usr/bin/env node\nvar argv = require(\'optimist\').argv;\nconsole.log(\'(%d,%d)\', argv.x, argv.y);\n````\n\n***\n\n    $ ./short.js -x 10 -y 21\n    (10,21)\n\nAnd booleans, both long and short (and grouped):\n----------------------------------\n\nbool.js:\n\n````javascript\n#!/usr/bin/env node\nvar util = require(\'util\');\nvar argv = require(\'optimist\').argv;\n\nif (argv.s) {\n    util.print(argv.fr ? \'Le chat dit: \' : \'The cat says: \');\n}\nconsole.log(\n    (argv.fr ? \'miaou\' : \'meow\') + (argv.p ? \'.\' : \'\')\n);\n````\n\n***\n\n    $ ./bool.js -s\n    The cat says: meow\n    \n    $ ./bool.js -sp\n    The cat says: meow.\n\n    $ ./bool.js -sp --fr\n    Le chat dit: miaou.\n\nAnd non-hypenated options too! Just use `argv._`!\n-------------------------------------------------\n \nnonopt.js:\n\n````javascript\n#!/usr/bin/env node\nvar argv = require(\'optimist\').argv;\nconsole.log(\'(%d,%d)\', argv.x, argv.y);\nconsole.log(argv._);\n````\n\n***\n\n    $ ./nonopt.js -x 6.82 -y 3.35 moo\n    (6.82,3.35)\n    [ \'moo\' ]\n    \n    $ ./nonopt.js foo -x 0.54 bar -y 1.12 baz\n    (0.54,1.12)\n    [ \'foo\', \'bar\', \'baz\' ]\n\nPlus, Optimist comes with .usage() and .demand()!\n-------------------------------------------------\n\ndivide.js:\n\n````javascript\n#!/usr/bin/env node\nvar argv = require(\'optimist\')\n    .usage(\'Usage: $0 -x [num] -y [num]\')\n    .demand([\'x\',\'y\'])\n    .argv;\n\nconsole.log(argv.x / argv.y);\n````\n\n***\n \n    $ ./divide.js -x 55 -y 11\n    5\n    \n    $ node ./divide.js -x 4.91 -z 2.51\n    Usage: node ./divide.js -x [num] -y [num]\n\n    Options:\n      -x  [required]\n      -y  [required]\n\n    Missing required arguments: y\n\nEVEN MORE HOLY COW\n------------------\n\ndefault_singles.js:\n\n````javascript\n#!/usr/bin/env node\nvar argv = require(\'optimist\')\n    .default(\'x\', 10)\n    .default(\'y\', 10)\n    .argv\n;\nconsole.log(argv.x + argv.y);\n````\n\n***\n\n    $ ./default_singles.js -x 5\n    15\n\ndefault_hash.js:\n\n````javascript\n#!/usr/bin/env node\nvar argv = require(\'optimist\')\n    .default({ x : 10, y : 10 })\n    .argv\n;\nconsole.log(argv.x + argv.y);\n````\n\n***\n\n    $ ./default_hash.js -y 7\n    17\n\nAnd if you really want to get all descriptive about it...\n---------------------------------------------------------\n\nboolean_single.js\n\n````javascript\n#!/usr/bin/env node\nvar argv = require(\'optimist\')\n    .boolean(\'v\')\n    .argv\n;\nconsole.dir(argv);\n````\n\n***\n\n    $ ./boolean_single.js -v foo bar baz\n    true\n    [ \'bar\', \'baz\', \'foo\' ]\n\nboolean_double.js\n\n````javascript\n#!/usr/bin/env node\nvar argv = require(\'optimist\')\n    .boolean([\'x\',\'y\',\'z\'])\n    .argv\n;\nconsole.dir([ argv.x, argv.y, argv.z ]);\nconsole.dir(argv._);\n````\n\n***\n\n    $ ./boolean_double.js -x -z one two three\n    [ true, false, true ]\n    [ \'one\', \'two\', \'three\' ]\n\nOptimist is here to help...\n---------------------------\n\nYou can describe parameters for help messages and set aliases. Optimist figures\nout how to format a handy help string automatically.\n\nline_count.js\n\n````javascript\n#!/usr/bin/env node\nvar argv = require(\'optimist\')\n    .usage(\'Count the lines in a file.\\nUsage: $0\')\n    .demand(\'f\')\n    .alias(\'f\', \'file\')\n    .describe(\'f\', \'Load a file\')\n    .argv\n;\n\nvar fs = require(\'fs\');\nvar s = fs.createReadStream(argv.file);\n\nvar lines = 0;\ns.on(\'data\', function (buf) {\n    lines += buf.toString().match(/\\n/g).length;\n});\n\ns.on(\'end\', function () {\n    console.log(lines);\n});\n````\n\n***\n\n    $ node line_count.js\n    Count the lines in a file.\n    Usage: node ./line_count.js\n\n    Options:\n      -f, --file  Load a file  [required]\n\n    Missing required arguments: f\n\n    $ node line_count.js --file line_count.js \n    20\n    \n    $ node line_count.js -f line_count.js \n    20\n\nmethods\n=======\n\nBy itself,\n\n````javascript\nrequire(\'optimist\').argv\n`````\n\nwill use `process.argv` array to construct the `argv` object.\n\nYou can pass in the `process.argv` yourself:\n\n````javascript\nrequire(\'optimist\')([ \'-x\', \'1\', \'-y\', \'2\' ]).argv\n````\n\nor use .parse() to do the same thing:\n\n````javascript\nrequire(\'optimist\').parse([ \'-x\', \'1\', \'-y\', \'2\' ])\n````\n\nThe rest of these methods below come in just before the terminating `.argv`.\n\n.alias(key, alias)\n------------------\n\nSet key names as equivalent such that updates to a key will propagate to aliases\nand vice-versa.\n\nOptionally `.alias()` can take an object that maps keys to aliases.\n\n.default(key, value)\n--------------------\n\nSet `argv[key]` to `value` if no option was specified on `process.argv`.\n\nOptionally `.default()` can take an object that maps keys to default values.\n\n.demand(key)\n------------\n\nIf `key` is a string, show the usage information and exit if `key` wasn\'t\nspecified in `process.argv`.\n\nIf `key` is a number, demand at least as many non-option arguments, which show\nup in `argv._`.\n\nIf `key` is an Array, demand each element.\n\n.describe(key, desc)\n--------------------\n\nDescribe a `key` for the generated usage information.\n\nOptionally `.describe()` can take an object that maps keys to descriptions.\n\n.options(key, opt)\n------------------\n\nInstead of chaining together `.alias().demand().default()`, you can specify\nkeys in `opt` for each of the chainable methods.\n\nFor example:\n\n````javascript\nvar argv = require(\'optimist\')\n    .options(\'f\', {\n        alias : \'file\',\n        default : \'/etc/passwd\',\n    })\n    .argv\n;\n````\n\nis the same as\n\n````javascript\nvar argv = require(\'optimist\')\n    .alias(\'f\', \'file\')\n    .default(\'f\', \'/etc/passwd\')\n    .argv\n;\n````\n\nOptionally `.options()` can take an object that maps keys to `opt` parameters.\n\n.usage(message)\n---------------\n\nSet a usage message to show which commands to use. Inside `message`, the string\n`$0` will get interpolated to the current script name or node command for the\npresent script similar to how `$0` works in bash or perl.\n\n.check(fn)\n----------\n\nCheck that certain conditions are met in the provided arguments.\n\nIf `fn` throws or returns `false`, show the thrown error, usage information, and\nexit.\n\n.boolean(key)\n-------------\n\nInterpret `key` as a boolean. If a non-flag option follows `key` in\n`process.argv`, that string won\'t get set as the value of `key`.\n\nIf `key` never shows up as a flag in `process.arguments`, `argv[key]` will be\n`false`.\n\nIf `key` is an Array, interpret all the elements as booleans.\n\n.string(key)\n------------\n\nTell the parser logic not to interpret `key` as a number or boolean.\nThis can be useful if you need to preserve leading zeros in an input.\n\nIf `key` is an Array, interpret all the elements as strings.\n\n.wrap(columns)\n--------------\n\nFormat usage output to wrap at `columns` many columns.\n\n.help()\n-------\n\nReturn the generated usage string.\n\n.showHelp(fn=console.error)\n---------------------------\n\nPrint the usage data using `fn` for printing.\n\n.parse(args)\n------------\n\nParse `args` instead of `process.argv`. Returns the `argv` object.\n\n.argv\n-----\n\nGet the arguments as a plain old object.\n\nArguments without a corresponding flag show up in the `argv._` array.\n\nThe script name or node command is available at `argv.$0` similarly to how `$0`\nworks in bash or perl.\n\nparsing tricks\n==============\n\nstop parsing\n------------\n\nUse `--` to stop parsing flags and stuff the remainder into `argv._`.\n\n    $ node examples/reflect.js -a 1 -b 2 -- -c 3 -d 4\n    { _: [ \'-c\', \'3\', \'-d\', \'4\' ],\n      \'$0\': \'node ./examples/reflect.js\',\n      a: 1,\n      b: 2 }\n\nnegate fields\n-------------\n\nIf you want to explicity set a field to false instead of just leaving it\nundefined or to override a default you can do `--no-key`.\n\n    $ node examples/reflect.js -a --no-b\n    { _: [],\n      \'$0\': \'node ./examples/reflect.js\',\n      a: true,\n      b: false }\n\nnumbers\n-------\n\nEvery argument that looks like a number (`!isNaN(Number(arg))`) is converted to\none. This way you can just `net.createConnection(argv.port)` and you can add\nnumbers out of `argv` with `+` without having that mean concatenation,\nwhich is super frustrating.\n\nduplicates\n----------\n\nIf you specify a flag multiple times it will get turned into an array containing\nall the values in order.\n\n    $ node examples/reflect.js -x 5 -x 8 -x 0\n    { _: [],\n      \'$0\': \'node ./examples/reflect.js\',\n        x: [ 5, 8, 0 ] }\n\ninstallation\n============\n\nWith [npm](http://github.com/isaacs/npm), just do:\n    npm install optimist\n \nor clone this project on github:\n\n    git clone http://github.com/substack/node-optimist.git\n\nTo run the tests with [expresso](http://github.com/visionmedia/expresso),\njust do:\n    \n    expresso\n\ninspired By\n===========\n\nThis module is loosely inspired by Perl\'s\n[Getopt::Casual](http://search.cpan.org/~photo/Getopt-Casual-0.13.1/Casual.pm).\n',
574 silly resolved     _id: 'optimist@0.2.8',
574 silly resolved     _from: 'optimist@~0.2.6' } ]
575 info install express@2.5.0 into /Users/javier/Sites/notesFromNature/node_modules/serveup
576 info install optimist@0.2.8 into /Users/javier/Sites/notesFromNature/node_modules/serveup
577 info installOne express@2.5.0
578 verbose about to build /Users/javier/Sites/notesFromNature/node_modules/serveup
579 info /Users/javier/Sites/notesFromNature/node_modules/serveup unbuild
580 verbose from cache /Users/javier/Sites/notesFromNature/node_modules/serveup/package.json
581 info installOne optimist@0.2.8
582 verbose from cache /Users/javier/.npm/optimist/0.2.8/package/package.json
583 info preuninstall serveup@0.0.5
584 info /Users/javier/Sites/notesFromNature/node_modules/serveup/node_modules/optimist unbuild
585 verbose read json /Users/javier/Sites/notesFromNature/node_modules/serveup/node_modules/optimist/package.json
586 info uninstall serveup@0.0.5
587 verbose tar unpack /Users/javier/.npm/optimist/0.2.8/package.tgz
588 verbose true,/Users/javier/Sites/notesFromNature/node_modules,/Users/javier/Sites/notesFromNature/node_modules unbuild serveup@0.0.5
589 verbose /Users/javier/Sites/notesFromNature/node_modules/.bin,[object Object] binRoot
590 silly gunzTarPerm modes [ '755', '644' ]
591 info postuninstall serveup@0.0.5
592 silly gunzTarPerm extractEntry package.json
593 silly gunzTarPerm extractEntry .npmignore
594 silly gunzTarPerm extractEntry LICENSE
595 error Error: ENOENT, lstat '/Users/javier/Sites/notesFromNature/node_modules/serveup/node_modules/optimist/package.json'
595 error  { [Error: ENOENT, lstat '/Users/javier/Sites/notesFromNature/node_modules/serveup/node_modules/optimist/package.json']
595 error   errno: 34,
595 error   code: 'ENOENT',
595 error   path: '/Users/javier/Sites/notesFromNature/node_modules/serveup/node_modules/optimist/package.json',
595 error   fstream_type: 'File',
595 error   fstream_path: '/Users/javier/Sites/notesFromNature/node_modules/serveup/node_modules/optimist/package.json',
595 error   fstream_class: 'FileWriter',
595 error   fstream_stack:
595 error    [ 'Writer._finish.er.fstream_finish_call (/usr/local/lib/node_modules/npm/node_modules/fstream/lib/writer.js:284:26)',
595 error      'Object.oncomplete (fs.js:297:15)' ] }
596 error You may report this log at:
596 error     <http://github.com/isaacs/npm/issues>
596 error or email it to:
596 error     <npm-@googlegroups.com>
597 error System Darwin 11.4.0
598 error command "node" "/usr/local/bin/npm" "install"
599 error cwd /Users/javier/Sites/notesFromNature
600 error node -v v0.8.0
601 error npm -v 1.1.32
602 error path /Users/javier/Sites/notesFromNature/node_modules/serveup/node_modules/optimist/package.json
603 error fstream_path /Users/javier/Sites/notesFromNature/node_modules/serveup/node_modules/optimist/package.json
604 error fstream_type File
605 error fstream_class FileWriter
606 error code ENOENT
607 error message ENOENT, lstat '/Users/javier/Sites/notesFromNature/node_modules/serveup/node_modules/optimist/package.json'
608 error errno 34
609 error fstream_stack Writer._finish.er.fstream_finish_call (/usr/local/lib/node_modules/npm/node_modules/fstream/lib/writer.js:284:26)
609 error fstream_stack Object.oncomplete (fs.js:297:15)
610 error 34 errno
611 verbose exit [ 34, true ]
